[debug] [2018-08-14T02:04:35.406Z] ----------------------------------------------------------------------
[debug] [2018-08-14T02:04:35.408Z] Command:       /home/josh/n/bin/node /home/josh/.npm-global/bin/firebase serve --only functions,hosting
[debug] [2018-08-14T02:04:35.408Z] CLI Version:   4.0.3
[debug] [2018-08-14T02:04:35.408Z] Platform:      linux
[debug] [2018-08-14T02:04:35.408Z] Node Version:  v6.11.5
[debug] [2018-08-14T02:04:35.408Z] Time:          Mon Aug 13 2018 19:04:35 GMT-0700 (PDT)
[debug] [2018-08-14T02:04:35.408Z] ----------------------------------------------------------------------
[debug] 
[debug] [2018-08-14T02:04:35.418Z] > command requires scopes: ["email","openid","https://www.googleapis.com/auth/cloudplatformprojects.readonly","https://www.googleapis.com/auth/firebase","https://www.googleapis.com/auth/cloud-platform"]
[debug] [2018-08-14T02:04:35.418Z] > authorizing via signed-in user
[debug] [2018-08-14T02:04:35.420Z] >>> HTTP REQUEST GET https://admin.firebase.com/v1/projects/mirai-poc  
  
 Mon Aug 13 2018 19:04:35 GMT-0700 (PDT)
[debug] [2018-08-14T02:04:40.852Z] <<< HTTP RESPONSE 200
[debug] [2018-08-14T02:04:40.855Z] >>> HTTP REQUEST GET https://admin.firebase.com/v1/database/mirai-poc/tokens  
  
 Mon Aug 13 2018 19:04:40 GMT-0700 (PDT)
[debug] [2018-08-14T02:04:46.370Z] <<< HTTP RESPONSE 200
[debug] [2018-08-14T02:04:46.375Z] >>> HTTP REQUEST GET https://cloudresourcemanager.googleapis.com/v1/projects/mirai-poc  
  
 Mon Aug 13 2018 19:04:46 GMT-0700 (PDT)
[debug] [2018-08-14T02:04:46.657Z] <<< HTTP RESPONSE 200
[info] 
[info] === Serving from '/home/josh/dev/mirai-poc/server'...
[info] 
[info] i  functions: Preparing to emulate functions.
[debug] [2018-08-14T02:04:47.123Z] Fetching environment
[debug] [2018-08-14T02:04:47.125Z] >>> HTTP REQUEST GET https://mobilesdk-pa.googleapis.com/v1/projects/791313389520:getServerAppConfig  
  
 Mon Aug 13 2018 19:04:47 GMT-0700 (PDT)
[debug] [2018-08-14T02:04:47.126Z] >>> HTTP REQUEST GET https://mobilesdk-pa.googleapis.com/v1/projects/791313389520/clients/_:getWebAppConfig  
  
 Mon Aug 13 2018 19:04:47 GMT-0700 (PDT)
[debug] [2018-08-14T02:04:47.518Z] <<< HTTP RESPONSE 200
[debug] [2018-08-14T02:04:47.521Z] Starting @google-cloud/functions-emulator
[debug] [2018-08-14T02:04:48.596Z] Parsing function triggers
[info] ✔  functions: app: http://localhost:5001/mirai-poc/us-central1/app
[debug] [2018-08-14T02:04:52.476Z] <<< HTTP RESPONSE 200
[info] i  hosting: Serving hosting files from: ./
[info] ✔  hosting: Local server: http://localhost:5000

[info] [hosting] Rewriting /books?bookId=4 to local function app
[info] [hosting] Rewriting /books?bookId=4 to local function app
[info] [hosting] Rewriting /books?bookId=4 to local function app
[info] [hosting] Rewriting /books?bookId=4 to local function app
[info] [hosting] Rewriting /books?bookId=4 to local function app
[info] [hosting] Rewriting /books?bookId=4 to local function app
[info] [hosting] Rewriting /books?bookId=4 to local function app
[info] [hosting] Rewriting /books?bookId=4 to local function app
[info] [hosting] Rewriting /books?bookId=4 to local function app
[info] [hosting] Rewriting /books?bookId=4 to local function app
[info] [hosting] Rewriting /books?bookId=4 to local function app
[info] [hosting] Rewriting /books?bookId=4 to local function app
[info] [hosting] Rewriting /books?bookId=4 to local function app
[info] [hosting] Rewriting /books?bookId=4 to local function app
[info] [hosting] Rewriting /books?bookId=4 to local function app
[info] [hosting] Rewriting /books?bookId=4 to local function app
[info] [hosting] Rewriting /books?bookId=4 to local function app
[info] [hosting] Rewriting /books to local function app
[info] [hosting] Rewriting /books?bookId=5 to local function app
[info] [hosting] Rewriting /books?bookId=5 to local function app
[info] [hosting] Rewriting /books?bookId=5 to local function app
[info] [hosting] Rewriting /books?bookId=5 to local function app
[info] [hosting] Rewriting /books?bookId=5 to local function app
[info] [hosting] Rewriting /books to local function app
[info] [hosting] Rewriting /books to local function app
